#
# There is insufficient memory for the Java Runtime Environment to continue.
# Native memory allocation (malloc) failed to allocate 1048576 bytes for AllocateHeap
# Possible reasons:
#   The system is out of physical RAM or swap space
#   In 32 bit mode, the process size limit was hit
# Possible solutions:
#   Reduce memory load on the system
#   Increase physical memory or swap space
#   Check if swap backing store is full
#   Use 64 bit Java on a 64 bit OS
#   Decrease Java heap size (-Xmx/-Xms)
#   Decrease number of Java threads
#   Decrease Java thread stack sizes (-Xss)
#   Set larger code cache with -XX:ReservedCodeCacheSize=
# This output file may be truncated or incomplete.
#
#  Out of Memory Error (memory/allocation.inline.hpp:61), pid=16244, tid=0x0000000000003f50
#
# JRE version:  (8.0_102-b14) (build )
# Java VM: Java HotSpot(TM) 64-Bit Server VM (25.102-b14 mixed mode windows-amd64 compressed oops)
# Failed to write core dump. Minidumps are not enabled by default on client versions of Windows
#

---------------  T H R E A D  ---------------

Current thread (0x0000000002a60800):  JavaThread "Unknown thread" [_thread_in_vm, id=16208, stack(0x0000000002870000,0x0000000002970000)]

Stack: [0x0000000002870000,0x0000000002970000]
[error occurred during error reporting (printing stack bounds), id 0xc0000005]

Native frames: (J=compiled Java code, j=interpreted, Vv=VM code, C=native code)


---------------  P R O C E S S  ---------------

Java Threads: ( => current thread )

Other Threads:

=>0x0000000002a60800 (exited) JavaThread "Unknown thread" [_thread_in_vm, id=16208, stack(0x0000000002870000,0x0000000002970000)]

VM state:not at safepoint (normal execution)

VM Mutex/Monitor currently owned by a thread: None

Heap:
 PSYoungGen      total 38400K, used 665K [0x00000000d5d00000, 0x00000000d8780000, 0x0000000100000000)
  eden space 33280K, 2% used [0x00000000d5d00000,0x00000000d5da6670,0x00000000d7d80000)
  from space 5120K, 0% used [0x00000000d8280000,0x00000000d8280000,0x00000000d8780000)
  to   space 5120K, 0% used [0x00000000d7d80000,0x00000000d7d80000,0x00000000d8280000)
 ParOldGen       total 87552K, used 0K [0x0000000081600000, 0x0000000086b80000, 0x00000000d5d00000)
  object space 87552K, 0% used [0x0000000081600000,0x0000000081600000,0x0000000086b80000)
 Metaspace       used 752K, capacity 1092K, committed 1152K, reserved 1060864K
  class space    used 75K, capacity 384K, committed 384K, reserved 1048576K

Card table byte_map: [0x0000000002f20000,0x0000000003320000] byte_map_base: 0x0000000002b15000

Marking Bits: (ParMarkBitMap*) 0x000000006c2fa6c0
 Begin Bits: [0x00000000039d0000, 0x0000000005978000)
 End Bits:   [0x0000000005978000, 0x0000000007920000)

Polling page: 0x0000000000d50000

CodeCache: size=245760Kb used=328Kb max_used=328Kb free=245431Kb
 bounds [0x000000000f010000, 0x000000000f280000, 0x000000001e010000]
 total_blobs=58 nmethods=0 adapters=38
 compilation: enabled

Compilation events (0 events):
No events

GC Heap History (0 events):
No events

Deoptimization events (0 events):
No events

Internal exceptions (0 events):
No events

Events (10 events):
Event: 0.027 loading class java/lang/Short
Event: 0.027 loading class java/lang/Short done
Event: 0.027 loading class java/lang/Integer
Event: 0.027 loading class java/lang/Integer done
Event: 0.027 loading class java/lang/Long
Event: 0.027 loading class java/lang/Long done
Event: 0.028 loading class java/lang/NullPointerException
Event: 0.028 loading class java/lang/NullPointerException done
Event: 0.028 loading class java/lang/ArithmeticException
Event: 0.028 loading class java/lang/ArithmeticException done


Dynamic libraries:
0x00007ff70d3c0000 - 0x00007ff70d3f7000 	C:\Program Files\Java\jre1.8.0_102\bin\javaw.exe
0x00007ffea4ed0000 - 0x00007ffea5091000 	C:\WINDOWS\SYSTEM32\ntdll.dll
0x00007ffea4540000 - 0x00007ffea45ed000 	C:\WINDOWS\system32\KERNEL32.DLL
0x00007ffea1880000 - 0x00007ffea1a68000 	C:\WINDOWS\system32\KERNELBASE.dll
0x00007ffea4420000 - 0x00007ffea44c7000 	C:\WINDOWS\system32\ADVAPI32.dll
0x00007ffea4e30000 - 0x00007ffea4ecd000 	C:\WINDOWS\system32\msvcrt.dll
0x00007ffea2540000 - 0x00007ffea259b000 	C:\WINDOWS\system32\sechost.dll
0x00007ffea45f0000 - 0x00007ffea470c000 	C:\WINDOWS\system32\RPCRT4.dll
0x00007ffea2d60000 - 0x00007ffea2eb6000 	C:\WINDOWS\system32\USER32.dll
0x00007ffea4b90000 - 0x00007ffea4d16000 	C:\WINDOWS\system32\GDI32.dll
0x00007ffe9ea50000 - 0x00007ffe9ecc4000 	C:\WINDOWS\WinSxS\amd64_microsoft.windows.common-controls_6595b64144ccf1df_6.0.10586.672_none_a2d6b3cea53ff843\COMCTL32.dll
0x00007ffea4710000 - 0x00007ffea498d000 	C:\WINDOWS\system32\combase.dll
0x00007ffea2260000 - 0x00007ffea22ca000 	C:\WINDOWS\system32\bcryptPrimitives.dll
0x00007ffea4b40000 - 0x00007ffea4b7b000 	C:\WINDOWS\system32\IMM32.DLL
0x00007ffea0800000 - 0x00007ffea0831000 	C:\Windows\system32\nvinitx.dll
0x00007ffea07f0000 - 0x00007ffea07fa000 	C:\WINDOWS\SYSTEM32\VERSION.dll
0x000000000f000000 - 0x000000000f006000 	C:\Program Files\NVIDIA Corporation\CoProcManager\_etoured.dll
0x00007ffe9f690000 - 0x00007ffe9f6c2000 	C:\Program Files\NVIDIA Corporation\CoProcManager\nvd3d9wrapx.dll
0x00007ffea2780000 - 0x00007ffea2ba9000 	C:\WINDOWS\system32\SETUPAPI.dll
0x00007ffea2150000 - 0x00007ffea2193000 	C:\WINDOWS\system32\CFGMGR32.dll
0x00007ffe9f200000 - 0x00007ffe9f222000 	C:\Program Files\NVIDIA Corporation\CoProcManager\nvdxgiwrapx.dll
0x000000006b920000 - 0x000000006b9f1000 	C:\Program Files\Java\jre1.8.0_102\bin\msvcr100.dll
0x000000006bae0000 - 0x000000006c37a000 	C:\Program Files\Java\jre1.8.0_102\bin\server\jvm.dll
0x00007ffea4b80000 - 0x00007ffea4b88000 	C:\WINDOWS\system32\PSAPI.DLL
0x00007ffe91a60000 - 0x00007ffe91a69000 	C:\WINDOWS\SYSTEM32\WSOCK32.dll
0x00007ffea44d0000 - 0x00007ffea453b000 	C:\WINDOWS\system32\WS2_32.dll
0x00007ffe9f630000 - 0x00007ffe9f653000 	C:\WINDOWS\SYSTEM32\WINMM.dll
0x00000000024a0000 - 0x00000000024cc000 	C:\WINDOWS\SYSTEM32\WINMMBASE.dll
0x000000006bad0000 - 0x000000006badf000 	C:\Program Files\Java\jre1.8.0_102\bin\verify.dll
0x000000006baa0000 - 0x000000006bac9000 	C:\Program Files\Java\jre1.8.0_102\bin\java.dll
0x000000006ba80000 - 0x000000006ba96000 	C:\Program Files\Java\jre1.8.0_102\bin\zip.dll

VM Arguments:
jvm_args: -Dfile.encoding=GBK 
java_command: application.Main
java_class_path (initial): C:\Users\lsq\workspace\OLDictionary\Dictionary_Second\bin;C:\Users\lsq\.p2\pool\plugins\org.eclipse.fx.ide.css.jfx8_2.4.0.201605112122.jar;C:\Users\lsq\workspace\OLDictionary\Dictionary_Second\lib\jsoup-1.10.1.jar
Launcher Type: SUN_STANDARD

Environment Variables:
JAVA_HOME=C:\Program Files\Java\jdk1.8.0_102
CLASSPATH=.;C:\Program Files\Java\jdk1.8.0_102\lib\dt.jar;C:\Program Files\Java\jdk1.8.0_102\lib\tools.jar;
PATH=C:/Program Files/Java/jre1.8.0_102/bin/server;C:/Program Files/Java/jre1.8.0_102/bin;C:/Program Files/Java/jre1.8.0_102/lib/amd64;C:\ProgramData\Oracle\Java\javapath;C:\Program Files\Java\jdk1.8.0_102\bin;C:\Program Files (x86)\Windows Kits\10\Windows Performance Toolkit\;C:\Program Files\Java\jdk1.8.0_102\bin;C:\Program Files (x86)\Microsoft Emulator Manager\1.0\;C:\Program Files (x86)\Microchip\MPLAB C32 Suite\bin;C:\Program Files\Git\cmd;D:\mysql-5.6.24-win32\bin;C:\Program Files (x86)\HI-TECH Software\PICC\9.80\bin;C:\Users\lsq\AppData\Roaming\npm;C:\Users\lsq\Desktop;
USERNAME=lsq
OS=Windows_NT
PROCESSOR_IDENTIFIER=Intel64 Family 6 Model 69 Stepping 1, GenuineIntel



---------------  S Y S T E M  ---------------

OS: Windows 10.0 , 64 bit Build 10586 (10.0.10586.589)

CPU:total 4 (2 cores per cpu, 2 threads per core) family 6 model 69 stepping 1, cmov, cx8, fxsr, mmx, sse, sse2, sse3, ssse3, sse4.1, sse4.2, popcnt, avx, avx2, aes, clmul, erms, lzcnt, ht, tsc, tscinvbit, bmi1, bmi2

Memory: 4k page, physical 8290768k(3448564k free), swap 25068744k(6028k free)

vm_info: Java HotSpot(TM) 64-Bit Server VM (25.102-b14) for windows-amd64 JRE (1.8.0_102-b14), built on Jun 22 2016 13:15:21 by "java_re" with MS VC++ 10.0 (VS2010)

time: Sat Nov 19 01:35:38 2016
elapsed time: 0 seconds (0d 0h 0m 0s)

