#
# A fatal error has been detected by the Java Runtime Environment:
#
#  EXCEPTION_ACCESS_VIOLATION (0xc0000005) at pc=0x0000000059958ad5, pid=36924, tid=30188
#
# JRE version: Java(TM) SE Runtime Environment (8.0_73-b02) (build 1.8.0_73-b02)
# Java VM: Java HotSpot(TM) 64-Bit Server VM (25.73-b02 mixed mode windows-amd64 compressed oops)
# Problematic frame:
# V  [jvm.dll+0x128ad5]
#
# Failed to write core dump. Minidumps are not enabled by default on client versions of Windows
#
# If you would like to submit a bug report, please visit:
#   http://bugreport.java.com/bugreport/crash.jsp
#

---------------  T H R E A D  ---------------

Current thread (0x0000000017a94800):  JavaThread "JDWP Transport Listener: dt_socket" daemon [_thread_in_vm, id=30188, stack(0x0000000019670000,0x0000000019770000)]

siginfo: ExceptionCode=0xc0000005, reading address 0xffffffffffffffff

Registers:
RAX=0x000000001976f501, RBX=0x0000000017a94800, RCX=0x6a038b57d4000000, RDX=0x0000000000000000
RSP=0x000000001976f4b0, RBP=0x6a038b57d4000000, RSI=0x000000001976f5c8, RDI=0x0000000002ef97d0
R8 =0x0000000017a94800, R9 =0x000000000000ff00, R10=0x0000000000000000, R11=0x0000000018f2cd22
R12=0x0000000000000000, R13=0x0000000018e4e738, R14=0x0000000000000000, R15=0x0000000000000000
RIP=0x0000000059958ad5, EFLAGS=0x0000000000010206

Top of Stack: (sp=0x000000001976f4b0)
0x000000001976f4b0:   0000000017a94800 0000000018f221e0
0x000000001976f4c0:   000000001976f578 0000000059b5e34b
0x000000001976f4d0:   0000000017a94800 0000000059b7abad
0x000000001976f4e0:   0000000000000000 000000005a879155
0x000000001976f4f0:   0000000018e63c30 000000005a88291e
0x000000001976f500:   0000000017a94800 0000000000000000
0x000000001976f510:   0000000000000000 0000000000000000
0x000000001976f520:   6a038b57d4000000 000000005a881a15
0x000000001976f530:   000000001976f5c8 000000001976f5a0
0x000000001976f540:   0000000000000001 0000000018e63c30
0x000000001976f550:   6a038b57d4000000 000000005a8653b3
0x000000001976f560:   000000001976f690 0000000000000001
0x000000001976f570:   0000000000000001 0000000018e63c30
0x000000001976f580:   0000000000000009 0000000000000000
0x000000001976f590:   0000000000000000 0000000000000000
0x000000001976f5a0:   0000000000000001 000000005a865571 

Instructions: (pc=0x0000000059958ad5)
0x0000000059958ab5:   cc cc cc cc cc cc cc cc cc cc cc 48 83 ec 28 48
0x0000000059958ac5:   85 c9 75 07 33 c0 48 83 c4 28 c3 48 89 5c 24 20
0x0000000059958ad5:   48 8b 19 48 85 db 74 20 48 83 fb 37 74 1a 48 8b
0x0000000059958ae5:   13 48 8b cb ff 52 10 84 c0 74 0d 48 8b c3 48 8b 


Register to memory mapping:

RAX=0x000000001976f501 is pointing into the stack for thread: 0x0000000017a94800
RBX=0x0000000017a94800 is a thread
RCX=0x6a038b57d4000000 is an unknown value
RDX=0x0000000000000000 is an unknown value
RSP=0x000000001976f4b0 is pointing into the stack for thread: 0x0000000017a94800
RBP=0x6a038b57d4000000 is an unknown value
RSI=0x000000001976f5c8 is pointing into the stack for thread: 0x0000000017a94800
RDI=0x0000000002ef97d0 is an unknown value
R8 =0x0000000017a94800 is a thread
R9 =0x000000000000ff00 is an unknown value
R10=0x0000000000000000 is an unknown value
R11=0x0000000018f2cd22 is an unknown value
R12=0x0000000000000000 is an unknown value
R13=0x0000000018e4e738 is an unknown value
R14=0x0000000000000000 is an unknown value
R15=0x0000000000000000 is an unknown value


Stack: [0x0000000019670000,0x0000000019770000],  sp=0x000000001976f4b0,  free space=1021k
Native frames: (J=compiled Java code, j=interpreted, Vv=VM code, C=native code)
V  [jvm.dll+0x128ad5]
V  [jvm.dll+0x34abad]
C  [jdwp.dll+0x21a15]
C  [jdwp.dll+0x53b3]
C  [jdwp.dll+0x5571]
C  [jdwp.dll+0xf0a8]
C  [jdwp.dll+0x1f2d5]
C  [jdwp.dll+0x1f4aa]
V  [jvm.dll+0x1bbb58]
V  [jvm.dll+0x243234]
V  [jvm.dll+0x29a10a]
C  [msvcr100.dll+0x21d9f]
C  [msvcr100.dll+0x21e3b]
C  [KERNEL32.DLL+0x1832]
C  [ntdll.dll+0x3df11]


---------------  P R O C E S S  ---------------

Java Threads: ( => current thread )
  0x0000000018ee8800 JavaThread "Service Thread" daemon [_thread_blocked, id=31692, stack(0x0000000019d30000,0x0000000019e30000)]
  0x0000000018e6b000 JavaThread "C1 CompilerThread2" daemon [_thread_blocked, id=34692, stack(0x0000000019c30000,0x0000000019d30000)]
  0x0000000018e68000 JavaThread "C2 CompilerThread1" daemon [_thread_blocked, id=33720, stack(0x0000000019b30000,0x0000000019c30000)]
  0x0000000018e64800 JavaThread "C2 CompilerThread0" daemon [_thread_blocked, id=36964, stack(0x0000000019a30000,0x0000000019b30000)]
  0x0000000018e55800 JavaThread "JDWP Command Reader" daemon [_thread_in_native, id=37024, stack(0x0000000019930000,0x0000000019a30000)]
  0x0000000018e52000 JavaThread "JDWP Event Helper Thread" daemon [_thread_blocked, id=32000, stack(0x0000000019830000,0x0000000019930000)]
=>0x0000000017a94800 JavaThread "JDWP Transport Listener: dt_socket" daemon [_thread_in_vm, id=30188, stack(0x0000000019670000,0x0000000019770000)]
  0x0000000017add800 JavaThread "Attach Listener" daemon [_thread_blocked, id=11440, stack(0x0000000019340000,0x0000000019440000)]
  0x0000000018e48800 JavaThread "Signal Dispatcher" daemon [_thread_blocked, id=33964, stack(0x0000000019240000,0x0000000019340000)]
  0x0000000002ff6800 JavaThread "Finalizer" daemon [_thread_blocked, id=11640, stack(0x0000000018cf0000,0x0000000018df0000)]
  0x0000000017a49000 JavaThread "Reference Handler" daemon [_thread_blocked, id=30636, stack(0x0000000018bf0000,0x0000000018cf0000)]
  0x0000000002f02800 JavaThread "main" [_thread_blocked, id=30156, stack(0x0000000002df0000,0x0000000002ef0000)]

Other Threads:
  0x0000000017a47800 VMThread [stack: 0x0000000018af0000,0x0000000018bf0000] [id=19444]
  0x0000000018f1f800 WatcherThread [stack: 0x0000000019e30000,0x0000000019f30000] [id=16168]

VM state:not at safepoint (normal execution)

VM Mutex/Monitor currently owned by a thread: None

Heap:
 PSYoungGen      total 37888K, used 3277K [0x00000000d6400000, 0x00000000d8e00000, 0x0000000100000000)
  eden space 32768K, 10% used [0x00000000d6400000,0x00000000d6733460,0x00000000d8400000)
  from space 5120K, 0% used [0x00000000d8900000,0x00000000d8900000,0x00000000d8e00000)
  to   space 5120K, 0% used [0x00000000d8400000,0x00000000d8400000,0x00000000d8900000)
 ParOldGen       total 86016K, used 0K [0x0000000082c00000, 0x0000000088000000, 0x00000000d6400000)
  object space 86016K, 0% used [0x0000000082c00000,0x0000000082c00000,0x0000000088000000)
 Metaspace       used 2772K, capacity 4628K, committed 4864K, reserved 1056768K
  class space    used 288K, capacity 388K, committed 512K, reserved 1048576K

Card table byte_map: [0x00000000123c0000,0x00000000127b0000] byte_map_base: 0x0000000011faa000

Marking Bits: (ParMarkBitMap*) 0x000000005a040600
 Begin Bits: [0x0000000012e50000, 0x0000000014da0000)
 End Bits:   [0x0000000014da0000, 0x0000000016cf0000)

Polling page: 0x0000000001350000

CodeCache: size=245760Kb used=1105Kb max_used=1105Kb free=244654Kb
 bounds [0x0000000003000000, 0x0000000003270000, 0x0000000012000000]
 total_blobs=257 nmethods=30 adapters=149
 compilation: enabled

Compilation events (10 events):
Event: 0.391 Thread 0x0000000018e6b000   26       3       java.lang.StringBuilder::append (8 bytes)
Event: 0.392 Thread 0x0000000018e6b000 nmethod 26 0x0000000003110190 code [0x0000000003110300, 0x0000000003110688]
Event: 0.392 Thread 0x0000000018e6b000   27       3       java.io.WinNTFileSystem::isSlash (18 bytes)
Event: 0.393 Thread 0x0000000018e6b000 nmethod 27 0x000000000310fdd0 code [0x000000000310ff20, 0x0000000003110110]
Event: 0.393 Thread 0x0000000018e6b000   28  s    3       java.lang.StringBuffer::append (13 bytes)
Event: 0.393 Thread 0x0000000018e6b000 nmethod 28 0x0000000003112a50 code [0x0000000003112be0, 0x00000000031130e8]
Event: 0.394 Thread 0x0000000018e6b000   29       3       java.lang.AbstractStringBuilder::append (50 bytes)
Event: 0.396 Thread 0x0000000018e6b000 nmethod 29 0x0000000003113350 code [0x00000000031134e0, 0x00000000031139e8]
Event: 0.397 Thread 0x0000000018e6b000   30       3       java.lang.System::getSecurityManager (4 bytes)
Event: 0.397 Thread 0x0000000018e6b000 nmethod 30 0x000000000310fad0 code [0x000000000310fc20, 0x000000000310fd50]

GC Heap History (0 events):
No events

Deoptimization events (0 events):
No events

Internal exceptions (2 events):
Event: 0.124 Thread 0x0000000002f02800 Exception <a 'java/lang/NoSuchMethodError': Method sun.misc.Unsafe.defineClass(Ljava/lang/String;[BII)Ljava/lang/Class; name or signature does not match> (0x00000000d6412da8) thrown at [D:\re\puppet\workspace\8-2-build-windows-amd64-cygwin\jdk8u73\6086\hotŸZŸ²¿?
Event: 0.124 Thread 0x0000000002f02800 Exception <a 'java/lang/NoSuchMethodError': Method sun.misc.Unsafe.prefetchRead(Ljava/lang/Object;J)V name or signature does not match> (0x00000000d6413090) thrown at [D:\re\puppet\workspace\8-2-build-windows-amd64-cygwin\jdk8u73\6086\hotspot\src\share\vm\

Events (10 events):
Event: 267.091 Executing VM operation: ChangeBreakpoints
Event: 267.091 Executing VM operation: ChangeBreakpoints done
Event: 1060.779 Executing VM operation: ChangeBreakpoints
Event: 1060.780 Executing VM operation: ChangeBreakpoints done
Event: 1060.780 Executing VM operation: ChangeBreakpoints
Event: 1060.780 Executing VM operation: ChangeBreakpoints done
Event: 1420.005 loading class java/util/concurrent/ConcurrentHashMap$ForwardingNode
Event: 1420.005 loading class java/util/concurrent/ConcurrentHashMap$ForwardingNode done
Event: 1420.009 Executing VM operation: RedefineClasses
Event: 1420.009 Executing VM operation: RedefineClasses done


Dynamic libraries:
0x000007f627d70000 - 0x000007f627da7000 	C:\Program Files\Java\jdk1.8.0_73\bin\javaw.exe
0x000007fc4ca30000 - 0x000007fc4cbed000 	C:\windows\SYSTEM32\ntdll.dll
0x000007fc4a930000 - 0x000007fc4aa66000 	C:\windows\system32\KERNEL32.DLL
0x000007fc49970000 - 0x000007fc49a64000 	C:\windows\system32\KERNELBASE.dll
0x000007fc4a640000 - 0x000007fc4a71e000 	C:\windows\system32\ADVAPI32.dll
0x000007fc4a7e0000 - 0x000007fc4a92c000 	C:\windows\system32\USER32.dll
0x000007fc48b50000 - 0x000007fc48dba000 	C:\windows\WinSxS\amd64_microsoft.windows.common-controls_6595b64144ccf1df_6.0.9200.17359_none_4188b989718cf1c6\COMCTL32.dll
0x000007fc4c980000 - 0x000007fc4ca25000 	C:\windows\system32\msvcrt.dll
0x000007fc4c910000 - 0x000007fc4c958000 	C:\windows\SYSTEM32\sechost.dll
0x000007fc4a4f0000 - 0x000007fc4a635000 	C:\windows\system32\RPCRT4.dll
0x000007fc4b030000 - 0x000007fc4b171000 	C:\windows\system32\GDI32.dll
0x000007fc4abe0000 - 0x000007fc4ac19000 	C:\windows\system32\IMM32.DLL
0x000007fc4b500000 - 0x000007fc4b615000 	C:\windows\system32\MSCTF.dll
0x000000005a0c0000 - 0x000000005a192000 	C:\Program Files\Java\jdk1.8.0_73\jre\bin\msvcr100.dll
0x0000000059830000 - 0x000000005a0c0000 	C:\Program Files\Java\jdk1.8.0_73\jre\bin\server\jvm.dll
0x000007fc47720000 - 0x000007fc47729000 	C:\windows\SYSTEM32\WSOCK32.dll
0x000007fc46350000 - 0x000007fc46370000 	C:\windows\SYSTEM32\WINMM.dll
0x000007fc45130000 - 0x000007fc45139000 	C:\windows\SYSTEM32\VERSION.dll
0x000007fc4a340000 - 0x000007fc4a347000 	C:\windows\system32\PSAPI.DLL
0x000007fc4a720000 - 0x000007fc4a778000 	C:\windows\system32\WS2_32.dll
0x000007fc46310000 - 0x000007fc46343000 	C:\windows\SYSTEM32\WINMMBASE.dll
0x000007fc4b010000 - 0x000007fc4b019000 	C:\windows\system32\NSI.dll
0x000007fc49db0000 - 0x000007fc49dff000 	C:\windows\SYSTEM32\cfgmgr32.dll
0x000007fc49ba0000 - 0x000007fc49bc2000 	C:\windows\system32\DEVOBJ.dll
0x000000005ab30000 - 0x000000005ab3f000 	C:\Program Files\Java\jdk1.8.0_73\jre\bin\verify.dll
0x000000005a690000 - 0x000000005a6b9000 	C:\Program Files\Java\jdk1.8.0_73\jre\bin\java.dll
0x000000005a860000 - 0x000000005a895000 	C:\Program Files\Java\jdk1.8.0_73\jre\bin\jdwp.dll
0x000000005ab20000 - 0x000000005ab28000 	C:\Program Files\Java\jdk1.8.0_73\jre\bin\npt.dll
0x000000005a670000 - 0x000000005a686000 	C:\Program Files\Java\jdk1.8.0_73\jre\bin\zip.dll
0x000007fc4b620000 - 0x000007fc4c905000 	C:\windows\system32\SHELL32.dll
0x000007fc4b180000 - 0x000007fc4b330000 	C:\windows\SYSTEM32\combase.dll
0x000007fc4aef0000 - 0x000007fc4af40000 	C:\windows\system32\SHLWAPI.dll
0x000007fc488a0000 - 0x000007fc48936000 	C:\windows\SYSTEM32\SHCORE.dll
0x000007fc49930000 - 0x000007fc49945000 	C:\windows\system32\profapi.dll
0x000000005a850000 - 0x000000005a859000 	C:\Program Files\Java\jdk1.8.0_73\jre\bin\dt_socket.dll
0x000007fc41230000 - 0x000007fc41244000 	C:\windows\system32\napinsp.dll
0x000007fc41250000 - 0x000007fc41268000 	C:\windows\system32\pnrpnsp.dll
0x000007fc492c0000 - 0x000007fc492d6000 	C:\windows\system32\NLAapi.dll
0x000007fc49030000 - 0x000007fc4908c000 	C:\windows\System32\mswsock.dll
0x000007fc48e70000 - 0x000007fc48f08000 	C:\windows\SYSTEM32\DNSAPI.dll
0x000007fc41270000 - 0x000007fc41282000 	C:\windows\System32\winrnr.dll
0x000007fc41450000 - 0x000007fc41464000 	C:\windows\system32\wshbth.dll
0x000000005aa40000 - 0x000000005aa66000 	C:\Program Files\Bonjour\mdnsNSP.dll
0x000007fc462e0000 - 0x000007fc4630a000 	C:\windows\SYSTEM32\Iphlpapi.DLL
0x000007fc462c0000 - 0x000007fc462ca000 	C:\windows\SYSTEM32\WINNSI.DLL
0x0000000063560000 - 0x0000000063569000 	C:\Program Files\National Instruments\Shared\mDNS Responder\nimdnsNSP.dll
0x0000000063550000 - 0x000000006355c000 	C:\windows\SYSTEM32\nimdnsResponder.dll
0x000000005aa70000 - 0x000000005ab13000 	C:\windows\WinSxS\amd64_microsoft.vc90.crt_1fc8b3b9a1e18e3b_9.0.30729.6871_none_08e717a5a83adddf\MSVCR90.dll
0x000007fc44350000 - 0x000007fc443b1000 	C:\windows\System32\fwpuclnt.dll
0x000007fc41220000 - 0x000007fc41228000 	C:\Windows\System32\rasadhlp.dll
0x000007fc318f0000 - 0x000007fc31a53000 	C:\windows\SYSTEM32\dbghelp.dll

VM Arguments:
jvm_args: -agentlib:jdwp=transport=dt_socket,suspend=y,address=localhost:40842 -Dfile.encoding=GBK 
java_command: application.util.Encryption
java_class_path (initial): G:\RANDOM\java\DictionaryPro\bin;G:\eclipse-java-mars-1-win32-x86_64\eclipse\plugins\org.eclipse.fx.ide.css.jfx8_2.0.0.201506111511.jar;G:\RANDOM\java\DictionaryPro\lib\mysql-connector-java-5.1.38-bin.jar;G:\RANDOM\java\DictionaryPro\lib\jsoup-1.10.1.jar;G:\RANDOM\java\DictionaryPro\lib\controlsfx-8.40.12.jar;G:\RANDOM\java\DictionaryPro\lib\jedis-2.7.2.jar;G:\eclipse-java-mars-1-win32-x86_64\eclipse\plugins\org.junit_4.12.0.v201504281640\junit.jar;G:\eclipse-java-mars-1-win32-x86_64\eclipse\plugins\org.hamcrest.core_1.3.0.v201303031735.jar
Launcher Type: SUN_STANDARD

Environment Variables:
JAVA_HOME=C:\Program Files\Java\jdk1.8.0_73
CLASSPATH=.;C:\Program Files\Java\jdk1.8.0_73\lib\dt.jar;C:\Program Files\Java\jdk1.8.0_73\lib\tools.jar;
PATH=C:\Program Files\Java\jdk1.8.0_73\bin;C:\Program Files\Java\jdk1.8.0_73\jre\bin;C:\MinGW\bin;E:\MATLAB\runtime\win64;E:\MATLAB\bin;E:\MATLAB\polyspace\bin;c:\windows\system32;G:\phpStudyLite\PHPa;G:\eclipse-java-mars-1-win32-x86_64\Inno Setup 5;C:\Windows\Microsoft.NET\Framework\v4.0.30319;C:\windows\system32\config\systemprofile\.dnx\bin;C:\Program Files\Microsoft DNX\Dnvm\;C:\Program Files (x86)\Windows Kits\8.1\Windows Performance Toolkit\;C:\Program Files\Microsoft SQL Server\120\Tools\Binn\;C:\Program Files\Microsoft SQL Server\130\Tools\Binn\
USERNAME=lenovo
OS=Windows_NT
PROCESSOR_IDENTIFIER=Intel64 Family 6 Model 58 Stepping 9, GenuineIntel



---------------  S Y S T E M  ---------------

OS: Windows 8 , 64 bit Build 9200 (6.2.9200.16627)

CPU:total 4 (2 cores per cpu, 2 threads per core) family 6 model 58 stepping 9, cmov, cx8, fxsr, mmx, sse, sse2, sse3, ssse3, sse4.1, sse4.2, popcnt, avx, aes, clmul, erms, ht, tsc, tscinvbit, tscinv

Memory: 4k page, physical 8201872k(3951316k free), swap 18980448k(12798880k free)

vm_info: Java HotSpot(TM) 64-Bit Server VM (25.73-b02) for windows-amd64 JRE (1.8.0_73-b02), built on Jan 29 2016 17:38:49 by "java_re" with MS VC++ 10.0 (VS2010)

time: Tue Dec 06 19:33:06 2016
elapsed time: 1420 seconds (0d 0h 23m 40s)

